
########################################################################
BEGIN LOGGING AT Wed Nov 22 01:46:10 2006 (1164188770)
########################################################################
INFO - setting greeting at dtRdr::GUI::Wx::BVManager line 155
INFO - run startup idle at MainApp line 74
WARN - #caught dtRdr (286) - look at dtRdr line 286
INFO - load:  'binary_build/dotreader-data/default_library/dotReader_beta_QSG.jar' at dtRdr::Book::ThoutBook_1_0_jar line 100
INFO - loaded cached TOC at dtRdr::Book::ThoutBook_1_0::Base line 699
INFO - running insert_nbh for  at dtRdr::Book line 1153
INFO - insert_nbh done at dtRdr::Book line 1217

########################################################################
BEGIN LOGGING AT Wed Nov 22 01:47:20 2006 (1164188840)
########################################################################
INFO - setting greeting at dtRdr::GUI::Wx::BVManager line 155
INFO - run startup idle at MainApp line 74
WARN - #caught dtRdr (286) - look at dtRdr line 286
INFO - load:  'binary_build/dotreader-data/default_library/dotReader_beta_QSG.jar' at dtRdr::Book::ThoutBook_1_0_jar line 100
INFO - loaded cached TOC at dtRdr::Book::ThoutBook_1_0::Base line 699
INFO - running insert_nbh for  at dtRdr::Book line 1153
INFO - insert_nbh done at dtRdr::Book line 1217

########################################################################
BEGIN LOGGING AT Wed Nov 22 01:47:34 2006 (1164188854)
########################################################################
INFO - setting greeting at dtRdr::GUI::Wx::BVManager line 155
INFO - run startup idle at MainApp line 74
WARN - #caught dtRdr (286) - look at dtRdr line 286
INFO - load:  'binary_build/dotreader-data/default_library/dotReader_beta_QSG.jar' at dtRdr::Book::ThoutBook_1_0_jar line 100
INFO - loaded cached TOC at dtRdr::Book::ThoutBook_1_0::Base line 699
INFO - running insert_nbh for  at dtRdr::Book line 1153
INFO - insert_nbh done at dtRdr::Book line 1217
INFO - load:  'binary_build/dotreader-data/default_library/rebel-w-o-car.jar' at dtRdr::Book::ThoutBook_1_0_jar line 100
WARN - the book's TOC cache had problems loading >>><<< at dtRdr::Book::ThoutBook_1_0::Base line 695
WARN - #caught dtRdr::GUI::Wx::BVManager (258) -   not done    at dtRdr::GUI::Wx::BVManager line 258
INFO - running insert_nbh for cover at dtRdr::Book line 1153
INFO - insert_nbh done at dtRdr::Book line 1217
INFO - running insert_nbh for cover at dtRdr::Book line 1153
INFO - insert_nbh done at dtRdr::Book line 1217
INFO - running insert_nbh for cover at dtRdr::Book line 1153
INFO - insert_nbh done at dtRdr::Book line 1217

########################################################################
BEGIN LOGGING AT Wed Nov 22 01:56:25 2006 (1164189385)
########################################################################
INFO - setting greeting at dtRdr::GUI::Wx::BVManager line 155
INFO - run startup idle at MainApp line 74
WARN - #caught dtRdr (286) - look at dtRdr line 286
INFO - load:  'binary_build/dotreader-data/default_library/dotReader_beta_QSG.jar' at dtRdr::Book::ThoutBook_1_0_jar line 100
INFO - loaded cached TOC at dtRdr::Book::ThoutBook_1_0::Base line 699
INFO - running insert_nbh for  at dtRdr::Book line 1153
INFO - insert_nbh done at dtRdr::Book line 1217
